<?xml version="1.0" encoding="UTF-8"?>
<testng-results ignored="0" total="1" passed="1" failed="0" skipped="0">
  <reporter-output>
  </reporter-output>
  <suite started-at="2021-06-28T09:23:20Z" name="Surefire suite" finished-at="2021-06-28T09:23:41Z" duration-ms="20971">
    <groups>
    </groups>
    <test started-at="2021-06-28T09:23:20Z" name="Surefire test" finished-at="2021-06-28T09:23:41Z" duration-ms="20971">
      <class name="com.fetchrewards.automation.FetchRewardsChallenge3">
        <test-method is-config="true" signature="setUp()[pri:0, instance:com.fetchrewards.automation.FetchRewardsChallenge3@7b69c6ba]" started-at="2021-06-28T09:23:20Z" name="setUp" finished-at="2021-06-28T09:23:23Z" duration-ms="3307" status="PASS">
          <reporter-output>
          </reporter-output>
        </test-method> <!-- setUp -->
        <test-method signature="challenge3Test()[pri:0, instance:com.fetchrewards.automation.FetchRewardsChallenge3@7b69c6ba]" started-at="2021-06-28T09:23:23Z" name="challenge3Test" finished-at="2021-06-28T09:23:40Z" duration-ms="17566" status="PASS">
          <reporter-output>
          </reporter-output>
        </test-method> <!-- challenge3Test -->
        <test-method is-config="true" signature="tearDown()[pri:0, instance:com.fetchrewards.automation.FetchRewardsChallenge3@7b69c6ba]" started-at="2021-06-28T09:23:40Z" name="tearDown" finished-at="2021-06-28T09:23:41Z" duration-ms="81" status="PASS">
          <reporter-output>
          </reporter-output>
        </test-method> <!-- tearDown -->
      </class> <!-- com.fetchrewards.automation.FetchRewardsChallenge3 -->
    </test> <!-- Surefire test -->
  </suite> <!-- Surefire suite -->
</testng-results>
